2023-07-10 15:26:36.063 [main] INFO  com.utilities.BaseClass - Stepup of CromeDriver is done
2023-07-10 15:26:37.051 [main] INFO  com.utilities.BaseClass - Browser has been launched
2023-07-10 15:26:37.180 [main] INFO  com.utilities.BaseClass - Browser is maximized
2023-07-10 15:26:38.827 [main] INFO  com.utilities.BaseClass - Driver control is Navigate to the url
2023-07-10 15:26:38.854 [main] INFO  com.utilities.BaseClass - This method is used to validate the login page with empty username and empty password
2023-07-10 15:26:38.919 [main] INFO  com.utilities.BaseClass - Login button is clicked without entering username and password
2023-07-10 15:26:38.946 [main] INFO  com.utilities.BaseClass - Epic sadface: Username is required
2023-07-10 15:26:38.953 [main] INFO  com.utilities.BaseClass - Swag Labs
2023-07-10 15:26:38.954 [main] INFO  com.utilities.BaseClass - ==============================================
2023-07-10 15:26:38.959 [main] INFO  com.utilities.BaseClass - This method is used to validate the login page with empty username and valid password
2023-07-10 15:26:39.035 [main] INFO  com.utilities.BaseClass - Valid password is entered
2023-07-10 15:26:39.076 [main] INFO  com.utilities.BaseClass - Login Button is clicked with valid password and empty username
2023-07-10 15:26:39.089 [main] INFO  com.utilities.BaseClass - Epic sadface: Username is required
2023-07-10 15:26:39.094 [main] INFO  com.utilities.BaseClass - Swag Labs
2023-07-10 15:26:39.094 [main] INFO  com.utilities.BaseClass - ==============================================
2023-07-10 15:26:39.096 [main] INFO  com.utilities.BaseClass - This method is used to validate the login page with valid username and empty password
2023-07-10 15:26:39.149 [main] INFO  com.utilities.BaseClass - Valid username is entered
2023-07-10 15:26:44.357 [main] INFO  com.utilities.BaseClass - Login Button is clicked with valid username and empty password
2023-07-10 15:26:44.392 [main] INFO  com.utilities.BaseClass - Epic sadface: Password is required
2023-07-10 15:26:44.402 [main] INFO  com.utilities.BaseClass - Swag Labs
2023-07-10 15:26:44.403 [main] INFO  com.utilities.BaseClass - ==============================================
2023-07-10 15:26:44.407 [main] INFO  com.utilities.BaseClass - This method is used to validate the login page with wrong username and valid password
2023-07-10 15:26:44.516 [main] INFO  com.utilities.BaseClass - Invalid username is entered
2023-07-10 15:26:44.631 [main] INFO  com.utilities.BaseClass - Valid password is entered
2023-07-10 15:26:44.701 [main] INFO  com.utilities.BaseClass - Login Button is clicked with Invalid username and valid password
2023-07-10 15:26:44.720 [main] INFO  com.utilities.BaseClass - Epic sadface: Username and password do not match any user in this service
2023-07-10 15:26:44.726 [main] INFO  com.utilities.BaseClass - Swag Labs
2023-07-10 15:26:44.726 [main] INFO  com.utilities.BaseClass - ==============================================
2023-07-10 15:26:44.728 [main] INFO  com.utilities.BaseClass - This method is used to validate the login page with valid username and wrong password
2023-07-10 15:26:44.789 [main] INFO  com.utilities.BaseClass - Valid username is entered
2023-07-10 15:26:44.835 [main] INFO  com.utilities.BaseClass - Invalid password is entered
2023-07-10 15:26:44.866 [main] INFO  com.utilities.BaseClass - Login Button is clicked with valid username and Invalid password
2023-07-10 15:26:44.879 [main] INFO  com.utilities.BaseClass - Epic sadface: Username and password do not match any user in this service
2023-07-10 15:26:44.882 [main] INFO  com.utilities.BaseClass - Swag Labs
2023-07-10 15:26:44.882 [main] INFO  com.utilities.BaseClass - ==============================================
2023-07-10 15:26:44.933 [main] INFO  com.utilities.BaseClass - Valid username is entered
2023-07-10 15:26:44.975 [main] INFO  com.utilities.BaseClass - Valid password is entered
2023-07-10 15:26:45.031 [main] INFO  com.utilities.BaseClass - Login button is clicked with valid credentials
2023-07-10 15:26:45.036 [main] INFO  com.utilities.BaseClass - Swag Labs
2023-07-10 15:26:45.036 [main] INFO  com.utilities.BaseClass - ==============================================
2023-07-10 15:26:49.482 [main] INFO  com.utilities.BaseClass - Browser is closed successfully and server connection is also disconnected
